2021-01-18 15:26:59.967 [main] INFO  com.example.logback.LogbackApplicationTests - Starting LogbackApplicationTests using Java 1.8.0_231 on MacBook-Pro-2.local with PID 19888 (started by vincent in /Users/vincent/IDEA_Project/my_project/logback)
2021-01-18 15:26:59.968 [main] INFO  com.example.logback.LogbackApplicationTests - The following profiles are active: dev
2021-01-18 15:27:00.878 [main] INFO  o.s.scheduling.concurrent.ThreadPoolTaskExecutor - Initializing ExecutorService 'applicationTaskExecutor'
2021-01-18 15:27:01.120 [main] INFO  com.example.logback.LogbackApplicationTests - Started LogbackApplicationTests in 1.489 seconds (JVM running for 2.753)
2021-01-18 15:27:01.343 [main] INFO  com.example.logback.LogbackApplicationTests - logback info..
2021-01-18 15:27:01.362 [SpringContextShutdownHook] INFO  o.s.scheduling.concurrent.ThreadPoolTaskExecutor - Shutting down ExecutorService 'applicationTaskExecutor'
2021-01-18 16:39:39.407 [main] INFO  com.example.logback.LogbackApplicationTests - Starting LogbackApplicationTests using Java 1.8.0_231 on MacBook-Pro-2.local with PID 20522 (started by vincent in /Users/vincent/IDEA_Project/my_project/logback)
2021-01-18 16:39:39.408 [main] INFO  com.example.logback.LogbackApplicationTests - The following profiles are active: dev
2021-01-18 16:39:40.312 [main] INFO  o.s.scheduling.concurrent.ThreadPoolTaskExecutor - Initializing ExecutorService 'applicationTaskExecutor'
2021-01-18 16:39:40.592 [main] INFO  com.example.logback.LogbackApplicationTests - Started LogbackApplicationTests in 1.742 seconds (JVM running for 2.64)
2021-01-18 16:39:40.782 [main] INFO  com.example.logback.LogbackApplicationTests - logback info..
2021-01-18 16:39:40.807 [SpringContextShutdownHook] INFO  o.s.scheduling.concurrent.ThreadPoolTaskExecutor - Shutting down ExecutorService 'applicationTaskExecutor'
2021-01-18 16:41:03.723 [main] INFO  com.example.logback.LogbackApplicationTests - Starting LogbackApplicationTests using Java 1.8.0_231 on MacBook-Pro-2.local with PID 20530 (started by vincent in /Users/vincent/IDEA_Project/my_project/logback)
2021-01-18 16:41:03.724 [main] INFO  com.example.logback.LogbackApplicationTests - The following profiles are active: dev
2021-01-18 16:41:04.763 [main] INFO  o.s.scheduling.concurrent.ThreadPoolTaskExecutor - Initializing ExecutorService 'applicationTaskExecutor'
2021-01-18 16:41:05.166 [main] INFO  com.example.logback.LogbackApplicationTests - Started LogbackApplicationTests in 1.884 seconds (JVM running for 2.795)
2021-01-18 16:41:05.417 [main] INFO  com.example.logback.LogbackApplicationTests - logback info..
2021-01-18 16:41:05.443 [SpringContextShutdownHook] INFO  o.s.scheduling.concurrent.ThreadPoolTaskExecutor - Shutting down ExecutorService 'applicationTaskExecutor'
2021-01-18 16:44:54.330 [main] INFO  com.example.logback.LogbackApplicationTests - Starting LogbackApplicationTests using Java 1.8.0_231 on MacBook-Pro-2.local with PID 20552 (started by vincent in /Users/vincent/IDEA_Project/my_project/logback)
2021-01-18 16:44:54.331 [main] INFO  com.example.logback.LogbackApplicationTests - The following profiles are active: dev
2021-01-18 16:44:55.295 [main] INFO  o.s.scheduling.concurrent.ThreadPoolTaskExecutor - Initializing ExecutorService 'applicationTaskExecutor'
2021-01-18 16:44:55.522 [main] INFO  com.example.logback.LogbackApplicationTests - Started LogbackApplicationTests in 1.583 seconds (JVM running for 2.464)
2021-01-18 16:44:55.713 [main] INFO  com.example.logback.LogbackApplicationTests - logback info..
2021-01-18 16:44:55.734 [SpringContextShutdownHook] INFO  o.s.scheduling.concurrent.ThreadPoolTaskExecutor - Shutting down ExecutorService 'applicationTaskExecutor'
2021-01-18 16:45:00.377 [main] INFO  com.example.logback.LogbackApplicationTests - Starting LogbackApplicationTests using Java 1.8.0_231 on MacBook-Pro-2.local with PID 20556 (started by vincent in /Users/vincent/IDEA_Project/my_project/logback)
2021-01-18 16:45:00.378 [main] INFO  com.example.logback.LogbackApplicationTests - The following profiles are active: dev
2021-01-18 16:45:01.225 [main] INFO  o.s.scheduling.concurrent.ThreadPoolTaskExecutor - Initializing ExecutorService 'applicationTaskExecutor'
2021-01-18 16:45:01.461 [main] INFO  com.example.logback.LogbackApplicationTests - Started LogbackApplicationTests in 1.421 seconds (JVM running for 2.326)
2021-01-18 16:45:01.639 [main] INFO  com.example.logback.LogbackApplicationTests - logback info..
2021-01-18 16:45:01.658 [SpringContextShutdownHook] INFO  o.s.scheduling.concurrent.ThreadPoolTaskExecutor - Shutting down ExecutorService 'applicationTaskExecutor'
